app/build/intermediates/manifest_merge_blame_file/debug/manifest-merger-blame-debug-report.txt
1<?xml version="1.0" encoding="utf-8"?>
2<manifest xmlns:android="http://schemas.android.com/apk/res/android"
3    package="com.delivery.deliveryapp"
4    android:versionCode="1"
5    android:versionName="1.0" >
6
7    <uses-sdk
8        android:minSdkVersion="24"
8-->src\main\AndroidManifest.xml
9        android:targetSdkVersion="29" />
9-->src\main\AndroidManifest.xml
10
11    <uses-permission android:name="android.permission.INTERNET" />
11-->src\main\AndroidManifest.xml:5:5-67
11-->src\main\AndroidManifest.xml:5:22-64
12    <uses-permission android:name="android.permission.ACCESS_FINE_LOCATION" />
12-->src\main\AndroidManifest.xml:6:5-79
12-->src\main\AndroidManifest.xml:6:22-76
13    <uses-permission android:name="android.permission.ACCESS_COARSE_LOCATION" />
13-->src\main\AndroidManifest.xml:7:5-81
13-->src\main\AndroidManifest.xml:7:22-78
14
15    <!-- Although the *SdkVersion is captured in gradle build files, this is required for non gradle builds -->
16    <!-- <uses-sdk android:minSdkVersion="14"/> -->
17    <uses-permission android:name="android.permission.ACCESS_NETWORK_STATE" />
17-->[com.google.firebase:firebase-database:19.7.0] AndroidManifest.xml:25:5-79
17-->[com.google.firebase:firebase-database:19.7.0] AndroidManifest.xml:25:22-76
18
19    <application
19-->src\main\AndroidManifest.xml:9:5-29:19
20        android:allowBackup="true"
20-->src\main\AndroidManifest.xml:10:9-35
21        android:appComponentFactory="androidx.core.app.CoreComponentFactory"
21-->[androidx.core:core:1.3.1] AndroidManifest.xml:24:18-86
22        android:debuggable="true"
23        android:icon="@mipmap/ic_launcher"
23-->src\main\AndroidManifest.xml:11:9-43
24        android:label="@string/app_name"
24-->src\main\AndroidManifest.xml:12:9-41
25        android:resizeableActivity="false"
25-->src\main\AndroidManifest.xml:13:9-43
26        android:roundIcon="@mipmap/ic_launcher_round"
26-->src\main\AndroidManifest.xml:14:9-54
27        android:supportsRtl="true"
27-->src\main\AndroidManifest.xml:15:9-35
28        android:testOnly="true"
29        android:theme="@style/AppTheme" >
29-->src\main\AndroidManifest.xml:16:9-40
30        <activity
30-->src\main\AndroidManifest.xml:18:9-25:20
31            android:name="com.delivery.deliveryapp.MainActivity"
31-->src\main\AndroidManifest.xml:19:13-41
32            android:screenOrientation="portrait" >
32-->src\main\AndroidManifest.xml:20:13-49
33            <intent-filter>
33-->src\main\AndroidManifest.xml:21:13-24:29
34                <action android:name="android.intent.action.MAIN" />
34-->src\main\AndroidManifest.xml:22:17-69
34-->src\main\AndroidManifest.xml:22:25-66
35
36                <category android:name="android.intent.category.LAUNCHER" />
36-->src\main\AndroidManifest.xml:23:17-77
36-->src\main\AndroidManifest.xml:23:27-74
37            </intent-filter>
38        </activity>
39        <activity android:name="com.delivery.deliveryapp.RestaurantActivity" />
39-->src\main\AndroidManifest.xml:26:9-56
39-->src\main\AndroidManifest.xml:26:19-53
40        <activity android:name="com.delivery.deliveryapp.DishActivity" />
40-->src\main\AndroidManifest.xml:27:9-50
40-->src\main\AndroidManifest.xml:27:19-47
41        <activity android:name="com.delivery.deliveryapp.OrderActivity" />
41-->src\main\AndroidManifest.xml:28:9-51
41-->src\main\AndroidManifest.xml:28:19-48
42
43        <service
43-->[com.google.firebase:firebase-database:19.7.0] AndroidManifest.xml:29:9-35:19
44            android:name="com.google.firebase.components.ComponentDiscoveryService"
44-->[com.google.firebase:firebase-database:19.7.0] AndroidManifest.xml:30:13-84
45            android:directBootAware="true"
45-->[com.google.firebase:firebase-common:19.5.0] AndroidManifest.xml:35:13-43
46            android:exported="false" >
46-->[com.google.firebase:firebase-database:19.7.0] AndroidManifest.xml:31:13-37
47            <meta-data
47-->[com.google.firebase:firebase-database:19.7.0] AndroidManifest.xml:32:13-34:85
48                android:name="com.google.firebase.components:com.google.firebase.database.DatabaseRegistrar"
48-->[com.google.firebase:firebase-database:19.7.0] AndroidManifest.xml:33:17-109
49                android:value="com.google.firebase.components.ComponentRegistrar" />
49-->[com.google.firebase:firebase-database:19.7.0] AndroidManifest.xml:34:17-82
50            <meta-data
50-->[com.google.firebase:firebase-firestore:22.1.1] AndroidManifest.xml:20:13-22:85
51                android:name="com.google.firebase.components:com.google.firebase.firestore.FirestoreRegistrar"
51-->[com.google.firebase:firebase-firestore:22.1.1] AndroidManifest.xml:21:17-111
52                android:value="com.google.firebase.components.ComponentRegistrar" />
52-->[com.google.firebase:firebase-firestore:22.1.1] AndroidManifest.xml:22:17-82
53            <!--
54                This registrar is not defined in the dynamic-module-support sdk itself to allow non-firebase
55                clients to use it as well, by defining this registrar in their own core/common library.
56            -->
57            <meta-data
57-->[com.google.firebase:firebase-common:19.5.0] AndroidManifest.xml:43:13-45:85
58                android:name="com.google.firebase.components:com.google.firebase.dynamicloading.DynamicLoadingRegistrar"
58-->[com.google.firebase:firebase-common:19.5.0] AndroidManifest.xml:44:17-121
59                android:value="com.google.firebase.components.ComponentRegistrar" />
59-->[com.google.firebase:firebase-common:19.5.0] AndroidManifest.xml:45:17-82
60        </service>
61
62        <activity
62-->[com.google.android.gms:play-services-base:17.0.0] AndroidManifest.xml:23:9-26:75
63            android:name="com.google.android.gms.common.api.GoogleApiActivity"
63-->[com.google.android.gms:play-services-base:17.0.0] AndroidManifest.xml:24:13-79
64            android:exported="false"
64-->[com.google.android.gms:play-services-base:17.0.0] AndroidManifest.xml:25:13-37
65            android:theme="@android:style/Theme.Translucent.NoTitleBar" />
65-->[com.google.android.gms:play-services-base:17.0.0] AndroidManifest.xml:26:13-72
66
67        <provider
67-->[com.google.firebase:firebase-common:19.5.0] AndroidManifest.xml:26:9-31:39
68            android:name="com.google.firebase.provider.FirebaseInitProvider"
68-->[com.google.firebase:firebase-common:19.5.0] AndroidManifest.xml:27:13-77
69            android:authorities="com.delivery.deliveryapp.firebaseinitprovider"
69-->[com.google.firebase:firebase-common:19.5.0] AndroidManifest.xml:28:13-72
70            android:directBootAware="true"
70-->[com.google.firebase:firebase-common:19.5.0] AndroidManifest.xml:29:13-43
71            android:exported="false"
71-->[com.google.firebase:firebase-common:19.5.0] AndroidManifest.xml:30:13-37
72            android:initOrder="100" />
72-->[com.google.firebase:firebase-common:19.5.0] AndroidManifest.xml:31:13-36
73
74        <meta-data
74-->[com.google.android.gms:play-services-basement:17.0.0] AndroidManifest.xml:23:9-25:69
75            android:name="com.google.android.gms.version"
75-->[com.google.android.gms:play-services-basement:17.0.0] AndroidManifest.xml:24:13-58
76            android:value="@integer/google_play_services_version" />
76-->[com.google.android.gms:play-services-basement:17.0.0] AndroidManifest.xml:25:13-66
77    </application>
78
79</manifest>